{"request":"4491","error":null,"response":["EULO"]}

{"request":"4520","error":null,"response":["ARMSTRONG CREEK","CAMP MOUNTAIN","CEDAR CREEK","CLOSEBURN","COURT","DRAPER","ENOGGERA RESERVOIR","HIGHVALE","JOLLYS LOOKOUT","KOBBLE CREEK","MOUNT GLORIOUS","MOUNT NEBO","MOUNT SAMSON","SAMFORD","SAMFORD VALLEY","SAMFORD VILLAGE","SAMSONVALE","WIGHTS MOUNTAIN","YUGAR"]}

{"request":"852","error":null,"response":[]}

{"request":"852","error":null,"response":[]}

{"request":"854","error":null,"response":[]}

{"request":"854","error":null,"response":[]}

{"request":"860","error":null,"response":[]}

{"request":"860","error":null,"response":[]}

{"request":"862","error":null,"response":[]}

{"request":"862","error":null,"response":[]}

{"request":"0874","error":null,"response":[]}

{"request":"0873","error":null,"response":[]}

{"request":"872","error":null,"response":[]}

{"request":"872","error":null,"response":[]}

{"request":"5724","error":null,"response":["MARLA","MINTABIE"]}

{"request":"4680","error":null,"response":["BARNEY POINT","BEECHER","BENARABY","BOYNE ISLAND","BOYNE VALLEY","BOYNEDALE","BUILYAN","BURUA","BYELLEE","CALLEMONDAH","CALLIOPE","CLINTON","CURTIS ISLAND","DIGLUM","GECKO VALLEY GLADSTONE","GLADSTONE","GLADSTONE BC","GLADSTONE CITY","GLADSTONE DC","GLADSTONE SOUTH","GLEN EDEN","HERON ISLAND","IVERAGH","KAOOLPE","KIN KORA","KIRKWOOD","MANY PEAKS","MOUNT ALMA","NAGOORIN","NEW AUCKLAND","O'CONNELL","RIVER RANCH","SOUTH END","SOUTH GLADSTONE","SOUTH TREES","SUN VALLEY","TABLELANDS","TANNUM SANDS","TARAGOOLA","TELINA","TOOLOOA","UBOBO","WEST GLADSTONE","WEST STOWE","WOODERSON","WURDONG HEIGHTS"]}

{"request":"4680","error":null,"response":["BARNEY POINT","BEECHER","BENARABY","BOYNE ISLAND","BOYNE VALLEY","BOYNEDALE","BUILYAN","BURUA","BYELLEE","CALLEMONDAH","CALLIOPE","CLINTON","CURTIS ISLAND","DIGLUM","GECKO VALLEY GLADSTONE","GLADSTONE","GLADSTONE BC","GLADSTONE CITY","GLADSTONE DC","GLADSTONE SOUTH","GLEN EDEN","HERON ISLAND","IVERAGH","KAOOLPE","KIN KORA","KIRKWOOD","MANY PEAKS","MOUNT ALMA","NAGOORIN","NEW AUCKLAND","O'CONNELL","RIVER RANCH","SOUTH END","SOUTH GLADSTONE","SOUTH TREES","SUN VALLEY","TABLELANDS","TANNUM SANDS","TARAGOOLA","TELINA","TOOLOOA","UBOBO","WEST GLADSTONE","WEST STOWE","WOODERSON","WURDONG HEIGHTS"]}

{"request":"880","error":null,"response":[]}

{"request":"880","error":null,"response":[]}

{"request":"880","error":null,"response":[]}

{"request":"0880","error":null,"response":["GAPUWIYAK","GOVE","NHULUNBUY","YIRRKALA"]}

{"request":"880","error":null,"response":[]}

{"request":"880","error":null,"response":[]}

{"request":"880","error":null,"response":[]}

{"request":"880","error":null,"response":[]}

{"request":"880","error":null,"response":[]}

{"request":"880","error":null,"response":[]}

{"request":"880","error":null,"response":[]}

{"request":"880","error":null,"response":[]}

{"request":"880","error":null,"response":[]}

{"request":"880","error":null,"response":[]}

{"request":"880","error":null,"response":[]}

{"request":"880","error":null,"response":[]}

{"request":"880","error":null,"response":[]}

{"request":"880","error":null,"response":[]}

{"request":"880","error":null,"response":[]}

{"request":"880","error":null,"response":[]}

{"request":"880","error":null,"response":[]}

{"request":"880","error":null,"response":[]}

{"request":"880","error":null,"response":[]}

{"request":"880","error":null,"response":[]}

{"request":"880","error":null,"response":[]}

{"request":"4892","error":null,"response":[]}

{"request":"0840","error":null,"response":["DUNDEE BEACH","DUNDEE DOWNS","DUNDEE FOREST"]}

{"request":"0847","error":null,"response":["PINE CREEK"]}

