{"request":{"BoundaryTypeKey":"PC","Polygon":"142.910156 -17.978733,139.702148 -21.820708,142.954102 -21.166484,142.910156 -17.978733"},"error":"","httpcode":null,"response":"{\"postcodes\":[1986,1987,1988,1989,2008]}","status":"false"}

{"request":{"BoundaryTypeKey":"PC","Polygon":"139.614258 -18.85431,142.470703 -18.85431,140.976563 -21.330315,139.614258 -18.85431"},"error":"","httpcode":null,"response":"{\"postcodes\":null}","status":"false"}

{"request":{"BoundaryTypeKey":"PC","Polygon":"145.371094 -20.838278,145.766602 -23.80545,147.568359 -24.647017,145.371094 -20.838278"},"error":"","httpcode":null,"response":"{\"postcodes\":null}","status":"false"}

{"request":{"BoundaryTypeKey":"PC","Polygon":"132.275391 -19.849394,127.573242 -25.085599,136.40625 -23.281719,132.275391 -19.849394"},"error":"","httpcode":null,"response":"{\"postcodes\":[80143,80144,104903,302]}","status":"false"}

{"request":{"BoundaryTypeKey":"PC","Polygon":"116.455078 -23.160563,116.05957 -25.085599,108.632813 -23.5237,116.455078 -23.160563"},"error":"","httpcode":null,"response":"{\"postcodes\":[2656,2657,2659,2672]}","status":"false"}

{"request":{"BoundaryTypeKey":"PC","Polygon":"135.571289 -18.687879,138.120117 -18.187607,136.142578 -31.203405,135.571289 -18.687879"},"error":"","httpcode":null,"response":"{\"postcodes\":[80093,1989,301,2337,2339,2344]}","status":"false"}

{"request":{"BoundaryTypeKey":"PC","Polygon":"140.141602 -19.932041,134.34082 -21.289374,139.21875 -23.604262,140.141602 -19.932041"},"error":"","httpcode":null,"response":"{\"postcodes\":[1988,1989,1991]}","status":"false"}

{"request":{"BoundaryTypeKey":"PC","Polygon":"122.255859 -20.632784,125.068359 -21.412162,121.992188 -22.512557,123.046875 -21.371244,122.255859 -20.632784"},"error":"","httpcode":null,"response":"{\"postcodes\":[2677]}","status":"false"}

{"request":{"BoundaryTypeKey":"PC","Polygon":"122.299805 -20.262197,124.848633 -20.262197,124.892578 -22.024546,121.860352 -21.983801,122.299805 -20.262197"},"error":"","httpcode":null,"response":"{\"postcodes\":[2677]}","status":"false"}

{"request":{"BoundaryTypeKey":"PC","Polygon":"126.386719 -18.271086,126.342773 -19.890723,127.30957 -18.771115,126.386719 -18.271086"},"error":"","httpcode":null,"response":"{\"postcodes\":[2679]}","status":"false"}

{"request":{"BoundaryTypeKey":"PC","Polygon":"124.233398 -20.385825,126.386719 -20.055931,124.716797 -21.412162,124.233398 -20.385825"},"error":"","httpcode":null,"response":"{\"postcodes\":[2677,2679]}","status":"false"}

{"request":{"BoundaryTypeKey":"PC","Polygon":"126.694336 -17.895114,123.969727 -20.632784,128.62793 -22.634293,126.694336 -17.895114"},"error":"","httpcode":null,"response":"{\"postcodes\":[2677,2679]}","status":"false"}

{"request":{"BoundaryTypeKey":"PC","Polygon":"122.563477 -21.779905,123.837891 -20.879343,123.706055 -19.642588,121.640625 -21.207459,123.662109 -22.471955,122.563477 -21.779905"},"error":"","httpcode":null,"response":"{\"postcodes\":[2667,2677]}","status":"false"}

{"request":{"BoundaryTypeKey":"PC","Polygon":"122.34375 -20.179724,122.34375 -21.902278,125.551758 -19.973349,122.34375 -20.179724"},"error":"","httpcode":null,"response":"{\"postcodes\":[2677]}","status":"false"}

{"request":{"BoundaryTypeKey":"PC","Polygon":"122.475586 -20.632784,125.991211 -20.262197,121.025391 -22.22809,122.475586 -20.632784"},"error":"","httpcode":null,"response":"{\"postcodes\":[2675,2677]}","status":"false"}

{"request":{"BoundaryTypeKey":"PC","Polygon":"162.333984 -21.739091,157.148438 -21.739091,162.333984 -21.739091"},"error":"","httpcode":null,"response":"{\"postcodes\":null}","status":"false"}

{"request":{"BoundaryTypeKey":"PC","Polygon":"122.519531 -20.797201,122.695313 -22.471955,124.672852 -20.550509,122.519531 -20.797201"},"error":"","httpcode":null,"response":"{\"postcodes\":[2677]}","status":"false"}

{"request":{"BoundaryTypeKey":"PC","Polygon":"123.178711 -21.453069,125.024414 -20.468189,121.552734 -20.632784,123.178711 -21.453069"},"error":"","httpcode":null,"response":"{\"postcodes\":[2677]}","status":"false"}

{"request":{"BoundaryTypeKey":"PC","Polygon":"122.739258 -20.468189,125.200195 -20.385825,121.728516 -23.120154,122.739258 -20.468189"},"error":"","httpcode":null,"response":"{\"postcodes\":[2677]}","status":"false"}

{"request":{"BoundaryTypeKey":"PC","Polygon":"122.299805 -20.344627,125.771484 -20.632784,121.816406 -22.350076,119.750977 -17.182779,122.299805 -20.344627"},"error":"","httpcode":null,"response":"{\"postcodes\":[2667,2677]}","status":"false"}

{"request":{"BoundaryTypeKey":"PC","Polygon":"121.728516 -20.591652,121.992188 -22.553147,125.419922 -19.932041,121.728516 -20.591652"},"error":"","httpcode":null,"response":"{\"postcodes\":[2677]}","status":"false"}

{"request":{"BoundaryTypeKey":"PC","Polygon":"138.515625 -20.920397,138.779297 -23.5237,138.515625 -20.920397"},"error":"","httpcode":null,"response":"{\"postcodes\":null}","status":"false"}

{"request":{"BoundaryTypeKey":"PC","Polygon":"126.123047 -14.944785,127.353516 -22.105999,127.924805 -12.082296,126.123047 -14.944785"},"error":"","httpcode":null,"response":"{\"postcodes\":[2670,2671,2679]}","status":"false"}

{"request":{"BoundaryTypeKey":"PC","Polygon":"141.679688 -17.392579,139.746094 -27.098254,145.722656 -16.972741,141.679688 -17.392579"},"error":"","httpcode":null,"response":"{\"postcodes\":[1824,2342,80052,80061,80094,1944,1945,1984,1985,1986,1987,1988,1991,2006,2007,2008,2009,2017,2018,2019,2020,2024,2025,2026]}","status":"false"}

{"request":{"BoundaryTypeKey":"PC","Polygon":"143.305664 -16.088042,137.373047 -16.930705,142.77832 -18.729502,143.305664 -16.088042"},"error":"","httpcode":null,"response":"{\"postcodes\":[1987,1992,2008,80061,301,2026,2027]}","status":"false"}

{"request":{"BoundaryTypeKey":"PC","Polygon":"141.547852 -20.179724,143.349609 -20.179724,141.547852 -21.371244,141.547852 -20.179724"},"error":"","httpcode":null,"response":"{\"postcodes\":[1986,1987]}","status":"false"}

{"request":{"BoundaryTypeKey":"PC","Polygon":"143.129883 -15.707663,137.15332 -16.972741,140.405273 -18.729502,143.129883 -15.707663"},"error":"","httpcode":null,"response":"{\"postcodes\":[301,1987,1989,1992,2008,2026,2027,80061]}","status":"false"}

{"request":{"BoundaryTypeKey":"PC","Polygon":"122.431641 -20.179724,125.419922 -20.550509,122.167969 -22.593726,123.574219 -21.002471,122.431641 -20.179724"},"error":"","httpcode":null,"response":"{\"postcodes\":[2677]}","status":"false"}

{"request":{"BoundaryTypeKey":"PC","Polygon":"122.475586 -19.103648,124.848633 -20.468189,121.245117 -22.309426,123.046875 -20.468189,122.475586 -19.103648"},"error":"","httpcode":null,"response":"{\"postcodes\":[2667,2675,2677]}","status":"false"}

{"request":{"BoundaryTypeKey":"PC","Polygon":"122.167969 -18.979026,126.123047 -20.468189,122.607422 -22.471955,124.365234 -20.509355,122.167969 -18.979026"},"error":"","httpcode":null,"response":"{\"postcodes\":[2667,2677,2679]}","status":"false"}

{"request":{"BoundaryTypeKey":"PC","Polygon":"127.353516 -19.47695,131.660156 -20.96144,125.991211 -23.200961,127.353516 -19.47695"},"error":"","httpcode":null,"response":"{\"postcodes\":[2679]}","status":"false"}

{"request":{"BoundaryTypeKey":"PC","Polygon":"127.705078 -20.097206,127.661133 -23.200961,133.505859 -20.097206,127.705078 -20.097206"},"error":"","httpcode":null,"response":"{\"postcodes\":[2679]}","status":"false"}

{"request":{"BoundaryTypeKey":"PC","Polygon":"126.870117 -19.766704,123.530273 -21.493964,124.453125 -19.145168,126.870117 -19.766704"},"error":"","httpcode":null,"response":"{\"postcodes\":[2677,2679]}","status":"false"}

{"request":{"BoundaryTypeKey":"PC","Polygon":"119.047852 -25.562265,121.640625 -25.601902,121.860352 -23.725012,120.981445 -24.846565,119.047852 -25.562265"},"error":"","httpcode":null,"response":"{\"postcodes\":[2654,2655]}","status":"false"}

{"request":{"BoundaryTypeKey":"PC","Polygon":"138.735352 -20.879343,139.042969 -23.80545,141.503906 -21.125498,138.735352 -20.879343"},"error":"","httpcode":null,"response":"{\"postcodes\":[1987,1988,1989,1991]}","status":"false"}

{"request":{"BoundaryTypeKey":"PC","Polygon":"139.350586 -21.289374,139.746094 -24.44715,138.427734 -23.684774,139.350586 -21.289374"},"error":"","httpcode":null,"response":"{\"postcodes\":null}","status":"false"}

{"request":{"BoundaryTypeKey":"PC","Polygon":"124.101563 -21.207459,122.915039 -25.681137,127.177734 -24.886436,124.101563 -21.207459"},"error":"","httpcode":null,"response":"{\"postcodes\":null}","status":"false"}

{"request":{"BoundaryTypeKey":"PC","Polygon":"139.394531 -21.125498,135.087891 -21.698265,139.306641 -24.046464,140.756836 -22.065278,139.394531 -21.125498"},"error":"","httpcode":null,"response":"{\"postcodes\":null}","status":"false"}

{"request":{"BoundaryTypeKey":"PC","Polygon":"139.350586 -21.002471,133.022461 -21.861499,139.482422 -23.684774,139.350586 -21.002471"},"error":"","httpcode":null,"response":"{\"postcodes\":null}","status":"false"}

{"request":{"BoundaryTypeKey":"PC","Polygon":"138.603516 -21.166484,139.350586 -23.644524,143.085938 -20.344627,140.317383 -21.739091,138.603516 -21.166484"},"error":"","httpcode":null,"response":"{\"postcodes\":null}","status":"false"}

{"request":{"BoundaryTypeKey":"PC","Polygon":"135.703125 -21.248422,139.790039 -21.820708,137.592773 -20.427013,136.801758 -17.392579,135.703125 -21.248422"},"error":"","httpcode":null,"response":"{\"postcodes\":null}","status":"false"}

{"request":{"BoundaryTypeKey":"PC","Polygon":"139.042969 -11.135287,138.735352 -14.221789,143.613281 -8.015716,139.042969 -11.135287"},"error":"","httpcode":null,"response":"{\"postcodes\":null}","status":"false"}

{"request":{"BoundaryTypeKey":"PC","Polygon":"172.839081 -36.832996,174.333222 -36.973559,174.245331 -37.672482,166.992188 -29.075375,172.839081 -36.832996"},"error":"SSL read: error:00000000:lib(0):func(0):reason(0), errno 104","httpcode":null,"response":"error:SSL read: error:00000000:lib(0):func(0):reason(0), errno 104","status":"false"}

{"request":{"BoundaryTypeKey":"PC","Polygon":"114.125977 -24.20689,117.246094 -24.44715,114.257813 -25.799891,114.125977 -24.20689"},"error":"SSL read: error:00000000:lib(0):func(0):reason(0), errno 104","httpcode":null,"response":"error:SSL read: error:00000000:lib(0):func(0):reason(0), errno 104","status":"false"}

{"request":{"BoundaryTypeKey":"PC","Polygon":"138.999023 -20.550509,133.813477 -21.493964,139.96582 -24.126702,138.999023 -20.550509"},"error":"","httpcode":null,"response":"{\"postcodes\":null}","status":"false"}

{"request":{"BoundaryTypeKey":"PC","Polygon":"138.911133 -21.371244,133.461914 -22.674847,139.438477 -25.918526,138.911133 -21.371244"},"error":"","httpcode":null,"response":"{\"postcodes\":null}","status":"false"}

{"request":{"BoundaryTypeKey":"PC","Polygon":"140.185547 -18.145852,133.989258 -20.262197,139.306641 -21.371244,140.185547 -18.145852"},"error":"","httpcode":null,"response":"{\"postcodes\":null}","status":"false"}

{"request":{"BoundaryTypeKey":"PC","Polygon":"144.448242 -20.879343,143.173828 -23.039298,145.50293 -22.71539,144.448242 -20.879343"},"error":"","httpcode":null,"response":"{\"postcodes\":[1939,1942,1944,1980,1985,80060]}","status":"false"}

{"request":{"BoundaryTypeKey":"PC","Polygon":"137.636719 -18.312811,135.175781 -21.698265,138.911133 -21.657428,137.636719 -18.312811"},"error":"","httpcode":null,"response":"{\"postcodes\":[301,1989,1990]}","status":"false"}

{"request":{"BoundaryTypeKey":"PC","Polygon":"139.833984 -21.575719,145.283203 -19.973349,141.108398 -22.065278,139.833984 -21.575719"},"error":"","httpcode":null,"response":"{\"postcodes\":[1945,1980,1984,1985,1986,1987,1988,1989]}","status":"false"}

{"request":{"BoundaryTypeKey":"PC","Polygon":"138.47168 -21.657428,139.526367 -23.725012,142.250977 -22.87744,138.47168 -21.657428"},"error":"","httpcode":null,"response":"{\"postcodes\":[1945,1987,1989,1991]}","status":"false"}

{"request":{"BoundaryTypeKey":"PC","Polygon":"141.767578 -25.363882,141.591797 -30.297018,146.777344 -25.403585,141.767578 -25.363882"},"error":"","httpcode":null,"response":"{\"postcodes\":[80044,80051,80059,900,926,1820,1821,1822,1823,1824,1828,1829]}","status":"false"}

{"request":{"BoundaryTypeKey":"PC","Polygon":"132.275391 -16.425548,136.450195 -21.453069,137.373047 -19.145168,132.275391 -16.425548"},"error":"","httpcode":null,"response":"{\"postcodes\":[301]}","status":"false"}

{"request":{"BoundaryTypeKey":"PC","Polygon":"119.047852 -24.686952,123.530273 -24.686952,122.783203 -26.627818,119.047852 -24.686952"},"error":"","httpcode":null,"response":"{\"postcodes\":[2654,2655]}","status":"false"}

{"request":{"BoundaryTypeKey":"PC","Polygon":"128.452148 -19.394068,126.5625 -27.371767,131.220703 -19.352611,128.452148 -19.394068"},"error":"","httpcode":null,"response":"{\"postcodes\":[2588,2679]}","status":"false"}

{"request":{"BoundaryTypeKey":"PC","Polygon":"140.229492 -18.39623,140.712891 -18.771115,140.009766 -18.895893,140.229492 -18.39623"},"error":"","httpcode":null,"response":"{\"postcodes\":[1987]}","status":"false"}

{"request":{"BoundaryTypeKey":"PC","Polygon":"126.386719 -14.817371,122.563477 -17.685895,127.96875 -16.383391,126.386719 -14.817371"},"error":"","httpcode":null,"response":"{\"postcodes\":[2667,2670,2671]}","status":"false"}

{"request":{"BoundaryTypeKey":"PC","Polygon":"132.231445 -16.383391,132.583008 -21.616579,136.845703 -19.145168,134.428711 -14.604847,132.011719 -16.678293,132.231445 -16.383391"},"error":"SSL read: error:00000000:lib(0):func(0):reason(0), errno 104","httpcode":null,"response":"error:SSL read: error:00000000:lib(0):func(0):reason(0), errno 104","status":"false"}

{"request":{"BoundaryTypeKey":"PC","Polygon":"141.108398 -23.684774,139.174805 -23.644524,141.108398 -23.684774"},"error":"","httpcode":null,"response":"{\"postcodes\":null}","status":"false"}

{"request":{"BoundaryTypeKey":"PC","Polygon":"139.042969 -23.765237,136.230469 -21.698265,135.922852 -25.681137,136.757813 -27.137368,139.042969 -23.765237"},"error":"","httpcode":null,"response":"{\"postcodes\":[1991,80052,2344]}","status":"false"}

{"request":{"BoundaryTypeKey":"PC","Polygon":"138.603516 -23.079732,138.955078 -24.607069,140.273438 -24.527135,140.185547 -22.917923,138.603516 -23.079732"},"error":"","httpcode":null,"response":"{\"postcodes\":[1991]}","status":"false"}

{"request":{"BoundaryTypeKey":"PC","Polygon":"134.077148 -21.043491,138.911133 -25.720735,139.658203 -23.483401,134.077148 -21.043491"},"error":"","httpcode":null,"response":"{\"postcodes\":[1991,80052]}","status":"false"}

{"request":{"BoundaryTypeKey":"PC","Polygon":"137.197266 -26.470573,138.823242 -28.07198,135.043945 -26.509905,137.197266 -26.470573"},"error":"","httpcode":null,"response":"{\"postcodes\":[2344,80094]}","status":"false"}

{"request":{"BoundaryTypeKey":"PC","Polygon":"139.394531 -21.575719,136.845703 -22.471955,139.746094 -23.765237,139.394531 -21.575719"},"error":"","httpcode":null,"response":"{\"postcodes\":[1989,1991]}","status":"false"}

{"request":{"BoundaryTypeKey":"PC","Polygon":"132.978516 -15.961329,134.648438 -22.22809,137.636719 -19.103648,132.626953 -15.876809,133.461914 -17.098792,134.296875 -20.797201,135.922852 -20.797201,136.098633 -18.104087,132.978516 -15.961329"},"error":"SSL read: error:00000000:lib(0):func(0):reason(0), errno 104","httpcode":null,"response":"error:SSL read: error:00000000:lib(0):func(0):reason(0), errno 104","status":"false"}

{"request":{"BoundaryTypeKey":"PC","Polygon":"131.791992 -24.327077,135 -29.267233,136.582031 -26.667096,131.791992 -24.327077"},"error":"","httpcode":null,"response":"{\"postcodes\":[2339,2340,2344,303]}","status":"false"}

{"request":{"BoundaryTypeKey":"PC","Polygon":"136.054688 -24.246965,136.669922 -27.176469,137.944336 -26.234302,136.054688 -24.246965"},"error":"","httpcode":null,"response":"{\"postcodes\":[2344]}","status":"false"}

{"request":{"BoundaryTypeKey":"PC","Polygon":"128.364258 -18.979026,118.081055 -25.284438,128.71582 -29.840644,128.364258 -18.979026"},"error":"","httpcode":null,"response":"{\"postcodes\":[2582,2588,2654,2655,2673,2677,2679]}","status":"false"}

{"request":{"BoundaryTypeKey":"PC","Polygon":"142.77832 -15.199386,122.651367 -18.729502,125.024414 -27.722436,138.032227 -26.784847,142.77832 -15.199386"},"error":"","httpcode":null,"response":"{\"postcodes\":[297,300,301,302,303,2340,2344,80052,80061,80143,80144,104903,2026,2027,2588,2655,2667,1987,1988,1989,1990,1991,1992,2008,2677,2678,2679]}","status":"false"}

{"request":{"BoundaryTypeKey":"PC","Polygon":"142.69043 -15.792254,122.475586 -18.312811,116.411133 -24.607069,123.837891 -27.332735,137.241211 -26.94166,139.87793 -24.086589,142.69043 -15.792254"},"error":"","httpcode":null,"response":"{\"postcodes\":[2340,2344,80052,80061,80143,80144,2026,2027,104903,1987,1988,1989,1990,1991,1992,2008,2588,2654,2655,2657,2667,297,300,301,302,303,2672,2673,2675,2676,2677,2678,2679]}","status":"false"}

{"request":{"BoundaryTypeKey":"PC","Polygon":"142.910156 -15.623037,122.211914 -18.145852,118.125 -25.562265,127.22168 -27.916767,135.878906 -26.980829,139.130859 -25.403585,142.910156 -15.623037"},"error":"","httpcode":null,"response":"{\"postcodes\":[1987,1988,1989,1990,1991,1992,2008,80052,80061,104903,297,300,301,302,303,80143,80144,2588,2654,2655,2667,2026,2027,2340,2344,2673,2675,2676,2677,2678,2679]}","status":"false"}

{"request":{"BoundaryTypeKey":"PC","Polygon":"135.878906 -22.87744,138.911133 -25.799891,136.757813 -26.94166,135.878906 -22.87744"},"error":"","httpcode":null,"response":"{\"postcodes\":[2344,80052]}","status":"false"}

{"request":{"BoundaryTypeKey":"PC","Polygon":"122.475586 -21.616579,128.62793 -18.604601,121.728516 -14.051331,122.475586 -21.616579"},"error":"","httpcode":null,"response":"{\"postcodes\":[2667,2668,2669,2670,2671,2677,2678,2679]}","status":"false"}

{"request":{"BoundaryTypeKey":"PC","Polygon":"128.496094 -17.811456,121.464844 -21.493964,134.736328 -21.616579,128.496094 -17.811456"},"error":"","httpcode":null,"response":"{\"postcodes\":[2677,2679]}","status":"false"}

{"request":{"BoundaryTypeKey":"PC","Polygon":"123.662109 -21.207459,125.991211 -25.720735,127.661133 -21.861499,124.49707 -20.427013,123.662109 -21.207459"},"error":"","httpcode":null,"response":"{\"postcodes\":[2677,2679]}","status":"false"}

{"request":{"BoundaryTypeKey":"PC","Polygon":"123.178711 -21.534847,122.607422 -19.228177,121.289063 -21.453069,125.244141 -19.973349,120.454102 -20.097206,123.178711 -21.534847"},"error":"SSL read: error:00000000:lib(0):func(0):reason(0), errno 104","httpcode":null,"response":"error:SSL read: error:00000000:lib(0):func(0):reason(0), errno 104","status":"false"}

{"request":{"BoundaryTypeKey":"PC","Polygon":"140.449219 -19.973349,138.955078 -23.200961,141.547852 -21.412162,137.680664 -20.427013,141.196289 -23.725012,140.449219 -19.973349"},"error":"SSL read: error:00000000:lib(0):func(0):reason(0), errno 104","httpcode":null,"response":"error:SSL read: error:00000000:lib(0):func(0):reason(0), errno 104","status":"false"}

{"request":{"BoundaryTypeKey":"PC","Polygon":""},"error":"","httpcode":null,"response":"{\"postcodes\":{\"errors\":[{\"code\":\"400\",\"message\":\"No polygon supplied\"}]}}","status":"false"}

{"request":{"BoundaryTypeKey":"PC","Polygon":"138.691406 -17.644022,127.441406 -18.145852,137.15332 -19.020577,138.691406 -17.644022"},"error":"","httpcode":null,"response":"{\"postcodes\":[301,1989,1992,2679]}","status":"false"}

{"request":{"BoundaryTypeKey":"PC","Polygon":"127.96875 -16.467695,122.34375 -18.895893,123.222656 -21.371244,130.605469 -21.0845,127.96875 -16.467695"},"error":"","httpcode":null,"response":"{\"postcodes\":[2667,2671,2677,2678,2679]}","status":"false"}

{"request":{"BoundaryTypeKey":"PC","Polygon":"142.77832 -20.468189,145.019531 -23.644524,139.350586 -21.125498,145.678711 -22.024546,140.537109 -23.644524,142.77832 -20.468189"},"error":"SSL read: error:00000000:lib(0):func(0):reason(0), errno 104","httpcode":null,"response":"error:SSL read: error:00000000:lib(0):func(0):reason(0), errno 104","status":"false"}

{"request":{"BoundaryTypeKey":"PC","Polygon":"143.041992 -18.562947,138.208008 -26.352498,147.524414 -22.917923,143.041992 -18.562947"},"error":"","httpcode":null,"response":"{\"postcodes\":[1824,2344,80094,1934,1937,1938,1939,1940,1941,1942,1943,1944,1945,1980,1984,1985,1986,1987,1991,2008,80052,80059,80060]}","status":"false"}

{"request":{"BoundaryTypeKey":"PC","Polygon":"130.737305 -16.930705,122.871094 -20.179724,135 -21.412162,130.737305 -16.930705"},"error":"","httpcode":null,"response":"{\"postcodes\":[2677,2679]}","status":"false"}

{"request":{"BoundaryTypeKey":"PC","Polygon":"132.099609 -16.383391,121.948242 -19.394068,122.607422 -22.024546,127.441406 -24.126702,132.099609 -16.383391"},"error":"","httpcode":null,"response":"{\"postcodes\":[2667,2677,2678,2679]}","status":"false"}

{"request":{"BoundaryTypeKey":"PC","Polygon":"142.514648 -15.665354,131.264648 -15.749963,132.319336 -23.563987,141.152344 -21.779905,142.514648 -15.665354"},"error":"","httpcode":null,"response":"{\"postcodes\":[297,299,300,301,2026,2027,1987,1988,1989,1990,1991,1992,2008,80061]}","status":"false"}

{"request":{"BoundaryTypeKey":"PC","Polygon":"143.085938 -15.792254,138.647461 -24.046464,147.260742 -21.166484,137.15332 -17.182779,143.964844 -25.681137,143.085938 -15.792254"},"error":"SSL read: error:00000000:lib(0):func(0):reason(0), errno 104","httpcode":null,"response":"error:SSL read: error:00000000:lib(0):func(0):reason(0), errno 104","status":"false"}

{"request":{"BoundaryTypeKey":"PC","Polygon":"135.834961 -22.796439,131.748047 -26.549223,137.636719 -26.667096,135.834961 -22.796439"},"error":"","httpcode":null,"response":"{\"postcodes\":[303,2344]}","status":"false"}

{"request":{"BoundaryTypeKey":"PC","Polygon":"127.661133 -25.165173,126.738281 -28.188244,131.44043 -28.149503,127.661133 -25.165173"},"error":"","httpcode":null,"response":"{\"postcodes\":[2588]}","status":"false"}

{"request":{"BoundaryTypeKey":"PC","Polygon":"124.453125 -21.575719,122.124023 -25.165173,129.726563 -24.647017,124.453125 -21.575719"},"error":"","httpcode":null,"response":"{\"postcodes\":[2655,2677]}","status":"false"}

{"request":{"BoundaryTypeKey":"PC","Polygon":"123.00293 -21.657428,122.607422 -25.76032,127.089844 -24.407138,123.00293 -21.657428"},"error":"","httpcode":null,"response":"{\"postcodes\":[2655,2677]}","status":"false"}

{"request":{"BoundaryTypeKey":"PC","Polygon":"126.958008 -21.125498,121.68457 -25.125393,126.738281 -28.343065,126.958008 -21.125498"},"error":"","httpcode":null,"response":"{\"postcodes\":[2588,2655,2679]}","status":"false"}

{"request":{"BoundaryTypeKey":"PC","Polygon":"137.06543 -22.958393,141.767578 -23.5237,140.537109 -20.097206,137.06543 -22.958393"},"error":"","httpcode":null,"response":"{\"postcodes\":[1945,1987,1988,1989,1991]}","status":"false"}

{"request":{"BoundaryTypeKey":"PC","Polygon":"134.25293 -15.665354,130.825195 -19.766704,136.713867 -21.657428,137.241211 -18.85431,134.25293 -15.665354"},"error":"","httpcode":null,"response":"{\"postcodes\":[300,301]}","status":"false"}

{"request":{"BoundaryTypeKey":"PC","Polygon":"127.397461 -19.103648,123.00293 -21.739091,121.552734 -26.076521,126.254883 -28.110749,127.397461 -19.103648"},"error":"","httpcode":null,"response":"{\"postcodes\":[2588,2655,2677,2679]}","status":"false"}

{"request":{"BoundaryTypeKey":"PC","Polygon":"136.538086 -18.979026,127.397461 -20.427013,128.100586 -25.284438,140.493164 -24.086589,136.538086 -18.979026"},"error":"","httpcode":null,"response":"{\"postcodes\":[80052,300,301,302,104903,1945,1989,1991,80143,80144,2679]}","status":"false"}

{"request":{"BoundaryTypeKey":"PC","Polygon":"143.657227 -17.098792,139.482422 -23.926013,146.293945 -22.309426,136.669922 -16.930705,143.745117 -26.115986,143.657227 -17.098792"},"error":"SSL read: error:00000000:lib(0):func(0):reason(0), errno 104","httpcode":null,"response":"error:SSL read: error:00000000:lib(0):func(0):reason(0), errno 104","status":"false"}

{"request":{"BoundaryTypeKey":"PC","Polygon":"142.163086 -15.665354,132.670898 -16.088042,136.142578 -21.0845,142.163086 -15.665354"},"error":"","httpcode":null,"response":"{\"postcodes\":[297,299,301,80061,1987,1989,1990,1992]}","status":"false"}

{"request":{"BoundaryTypeKey":"PC","Polygon":"132.363281 -16.720385,135.483398 -21.412162,137.416992 -18.479609,132.363281 -16.720385"},"error":"","httpcode":null,"response":"{\"postcodes\":[301]}","status":"false"}

{"request":{"BoundaryTypeKey":"PC","Polygon":"122.167969 -21.0845,118.696289 -29.764377,126.782227 -27.605671,116.542969 -23.966176,124.277344 -32.990236,122.167969 -21.0845"},"error":"SSL read: error:00000000:lib(0):func(0):reason(0), errno 104","httpcode":null,"response":"error:SSL read: error:00000000:lib(0):func(0):reason(0), errno 104","status":"false"}

{"request":{"BoundaryTypeKey":"PC","Polygon":"122.475586 -18.85431,122.080078 -20.427013,123.442383 -20.262197,122.475586 -18.85431"},"error":"","httpcode":null,"response":"{\"postcodes\":[2667,2677]}","status":"false"}

{"request":{"BoundaryTypeKey":"PC","Polygon":"122.915039 -21.698265,122.827148 -27.410786,132.583008 -24.327077,125.375977 -24.806681,122.915039 -21.698265"},"error":"","httpcode":null,"response":"{\"postcodes\":[2588,2655,2677]}","status":"false"}

{"request":{"BoundaryTypeKey":"PC","Polygon":"123.881836 -21.166484,121.113281 -27.644606,128.803711 -23.725012,116.938477 -23.241346,127.177734 -27.44979,123.881836 -21.166484"},"error":"SSL read: error:00000000:lib(0):func(0):reason(0), errno 104","httpcode":null,"response":"error:SSL read: error:00000000:lib(0):func(0):reason(0), errno 104","status":"false"}

{"request":{"BoundaryTypeKey":"PC","Polygon":"141.811523 -18.020528,119.794922 -18.271086,119.750977 -32.398516,151.040039 -32.324276,141.811523 -18.020528"},"error":"","httpcode":null,"response":"{\"postcodes\":[563,564,565,566,569,570,572,576,587,597,598,599,600,601,602,603,604,607,613,2260,2261,2262,2263,2264,2265,2266,2267,2278,2279,2280,2281,2282,2283,2284,2285,2286,2293,2294,2548,2579,2580,2581,2582,2583,2584,2585,104903,104904,300,301,302,303,884,885,886,887,888,889,890,891,892,893,894,895,896,897,898,899,900,901,902,903,908,909,910,915,916,919,920,921,923,924,925,926,2026,80003,80004,80005,80009,80010,80011,80012,80013,80044,80051,80052,80053,80054,80055,80059,80060,80062,80074,80078,80081,80082,80083,80085,80086,80087,80088,80089,80090,80091,80092,80093,80094,80114,80143,80144,776,795,1938,1940,1942,1943,1944,1945,1985,1986,1987,1988,1989,1990,1991,1992,2008,2586,2587,2588,2589,2590,2591,2603,2652,2654,2655,2667,1818,1819,1820,1822,1823,1824,1825,1826,1827,1828,1829,2313,2314,2315,2320,2321,2322,2325,2326,2327,2328,2329,2330,2331,2332,2333,2334,2335,2336,2337,2338,2339,2340,2341,2342,2343,2344,2673,2675,2676,2677,2678,2679]}","status":"false"}

{"request":{"BoundaryTypeKey":"PC","Polygon":"128.364258 -16.509833,121.420898 -20.756114,132.231445 -26.509905,145.59082 -21.125498,128.364258 -16.509833"},"error":"","httpcode":null,"response":"{\"postcodes\":[80143,80144,104903,80052,300,301,302,303,1944,1945,1980,1985,1986,1987,1988,1989,1990,1991,2667,2671,2677,2678,2679]}","status":"false"}

{"request":{"BoundaryTypeKey":"PC","Polygon":"122.167969 -21.043491,119.311523 -23.563987,121.508789 -24.367114,120.629883 -26.863281,124.101563 -26.863281,126.870117 -24.327077,122.167969 -21.043491"},"error":"","httpcode":null,"response":"{\"postcodes\":[2588,2654,2655,2673,2675,2677]}","status":"false"}

{"request":{"BoundaryTypeKey":"PC","Polygon":"127.529297 -19.642588,122.34375 -24.686952,126.342773 -27.994401,127.529297 -19.642588"},"error":"Operation timed out after 1000 milliseconds with 0 bytes received","httpcode":null,"response":"error:Operation timed out after 1000 milliseconds with 0 bytes received","status":"false"}

{"request":{"BoundaryTypeKey":"PC","Polygon":"127.573242 -19.55979,123.881836 -21.0845,127.265625 -23.200961,127.573242 -19.55979"},"error":"Operation timed out after 1001 milliseconds with 0 bytes received","httpcode":null,"response":"error:Operation timed out after 1001 milliseconds with 0 bytes received","status":"false"}

{"request":{"BoundaryTypeKey":"PC","Polygon":"128.320313 -16.256867,123.310547 -21.002471,130.429688 -21.820708,128.320313 -16.256867"},"error":"Operation timed out after 1000 milliseconds with 0 bytes received","httpcode":null,"response":"error:Operation timed out after 1000 milliseconds with 0 bytes received","status":"false"}

{"request":{"BoundaryTypeKey":"PC","Polygon":"131.088867 -17.350638,126.210938 -19.518375,126.694336 -22.836946,130.429688 -21.902278,131.088867 -17.350638"},"error":"Operation timed out after 1000 milliseconds with 0 bytes received","httpcode":null,"response":"error:Operation timed out after 1000 milliseconds with 0 bytes received","status":"false"}

{"request":{"BoundaryTypeKey":"PC","Polygon":"131.352539 -18.229351,124.365234 -20.344627,127.924805 -22.998852,131.352539 -18.229351"},"error":"Operation timed out after 1001 milliseconds with 0 bytes received","httpcode":null,"response":"error:Operation timed out after 1001 milliseconds with 0 bytes received","status":"false"}

{"request":{"BoundaryTypeKey":"PC","Polygon":"120.498047 -17.85329,124.49707 -19.808054,119.750977 -11.695273,120.498047 -17.85329"},"error":"Operation timed out after 1001 milliseconds with 0 bytes received","httpcode":null,"response":"error:Operation timed out after 1001 milliseconds with 0 bytes received","status":"false"}

{"request":{"BoundaryTypeKey":"PC","Polygon":"139.833984 -13.752725,146.865234 -12.382928,140.361328 -16.846605,143.525391 -11.049038,145.942383 -15.876809,139.833984 -13.752725"},"error":"Operation timed out after 1000 milliseconds with 0 bytes received","httpcode":null,"response":"error:Operation timed out after 1000 milliseconds with 0 bytes received","status":"false"}

{"request":{"BoundaryTypeKey":"PC","Polygon":"127.001953 -14.944785,122.255859 -19.145168,123.706055 -13.752725,126.826172 -17.685895,120.410156 -15.961329,127.001953 -14.944785"},"error":"Operation timed out after 1001 milliseconds with 0 bytes received","httpcode":null,"response":"error:Operation timed out after 1001 milliseconds with 0 bytes received","status":"false"}

{"request":{"BoundaryTypeKey":"PC","Polygon":"142.03125 -18.521283,140.405273 -21.493964,144.84375 -21.166484,142.03125 -18.521283"},"error":"Operation timed out after 1001 milliseconds with 0 bytes received","httpcode":null,"response":"error:Operation timed out after 1001 milliseconds with 0 bytes received","status":"false"}

{"request":{"BoundaryTypeKey":"PC","Polygon":"122.651367 -20.550509,118.212891 -22.350076,123.310547 -25.522615,122.651367 -20.550509"},"error":"Operation timed out after 1000 milliseconds with 0 bytes received","httpcode":null,"response":"error:Operation timed out after 1000 milliseconds with 0 bytes received","status":"false"}

{"request":{"BoundaryTypeKey":"PC","Polygon":"127.397461 -19.228177,122.958984 -24.567108,127.397461 -24.367114,127.397461 -19.228177"},"error":"Operation timed out after 1000 milliseconds with 0 bytes received","httpcode":null,"response":"error:Operation timed out after 1000 milliseconds with 0 bytes received","status":"false"}

{"request":{"BoundaryTypeKey":"PC","Polygon":"128.583984 -18.145852,122.607422 -19.062118,123.925781 -25.125393,130.297852 -21.166484,128.583984 -18.145852"},"error":"Operation timed out after 1001 milliseconds with 0 bytes received","httpcode":null,"response":"error:Operation timed out after 1001 milliseconds with 0 bytes received","status":"false"}

{"request":{"BoundaryTypeKey":"PC","Polygon":"127.705078 -16.256867,123.00293 -21.453069,122.431641 -25.958045,133.989258 -18.104087,127.705078 -16.256867"},"error":"Operation timed out after 1001 milliseconds with 0 bytes received","httpcode":null,"response":"error:Operation timed out after 1001 milliseconds with 0 bytes received","status":"false"}

{"request":{"BoundaryTypeKey":"PC","Polygon":"127.529297 -19.311143,142.954102 -18.104087,145.195313 -23.120154,127.529297 -19.311143"},"error":"Operation timed out after 1001 milliseconds with 0 bytes received","httpcode":null,"response":"error:Operation timed out after 1001 milliseconds with 0 bytes received","status":"false"}

{"request":{"BoundaryTypeKey":"PC","Polygon":"128.188477 -16.509833,122.563477 -21.861499,132.802734 -20.838278,128.188477 -16.509833"},"error":"Operation timed out after 1001 milliseconds with 0 bytes received","httpcode":null,"response":"error:Operation timed out after 1001 milliseconds with 0 bytes received","status":"false"}

{"request":{"BoundaryTypeKey":"PC","Polygon":"126.870117 -19.973349,123.310547 -21.289374,122.563477 -25.562265,130.737305 -21.207459,126.870117 -19.973349"},"error":"Operation timed out after 1000 milliseconds with 0 bytes received","httpcode":null,"response":"error:Operation timed out after 1000 milliseconds with 0 bytes received","status":"false"}

{"request":{"BoundaryTypeKey":"PC","Polygon":"142.866211 -14.51978,142.910156 -20.715015,143.525391 -25.681137,145.810547 -28.574874,148.227539 -25.958045,142.866211 -14.51978"},"error":"Operation timed out after 1000 milliseconds with 0 bytes received","httpcode":null,"response":"error:Operation timed out after 1000 milliseconds with 0 bytes received","status":"false"}

{"request":{"BoundaryTypeKey":"PC","Polygon":"134.296875 -20.920397,140.273438 -20.097206,136.40625 -17.602139,134.296875 -20.920397"},"error":"","httpcode":null,"response":"{\"postcodes\":[1988,1989,1990,301]}","status":"false"}

{"request":{"BoundaryTypeKey":"PC","Polygon":"143.305664 -26.470573,153.149414 -37.125286,158.730469 -30.410782,143.305664 -26.470573"},"error":"","httpcode":null,"response":"{\"postcodes\":[674,675,676,677,678,679,680,681,682,683,684,685,686,687,688,689,690,691,692,705,706,707,708,709,710,711,712,713,714,715,716,717,718,719,720,721,722,723,724,725,80003,80004,80005,80006,80007,80009,80010,80011,80013,307,308,309,310,311,312,313,314,315,316,317,318,319,320,321,322,323,324,325,326,327,328,329,330,830,831,832,833,834,835,836,837,838,839,840,841,842,843,844,845,846,847,848,849,850,851,852,853,854,855,856,857,858,859,860,861,862,863,864,865,866,871,873,874,875,884,885,886,887,888,889,890,891,892,893,894,895,896,899,900,901,902,903,904,905,906,907,908,909,910,913,914,915,1782,1784,1785,1786,1788,1789,80044,80045,80053,80054,468,469,470,471,472,473,474,475,476,477,478,479,480,481,482,483,484,485,486,487,488,489,490,491,492,493,494,495,496,497,498,499,500,501,502,503,504,505,506,507,508,509,510,511,512,513,514,515,516,517,518,519,520,521,522,523,524,525,526,527,528,529,530,531,532,533,534,535,536,537,538,539,540,541,542,543,544,545,546,547,548,549,550,551,552,553,554,555,556,557,558,559,560,561,562,563,564,565,566,567,568,569,570,571,572,573,574,575,576,577,578,579,580,581,582,583,584,585,586,587,588,589,590,591,592,593,594,595,596,597,598,599,600,601,602,603,604,605,606,607,608,609,610,611,612,613,614,615,616,617,618,619,620,621,622,623,624,625,626,627,628,629,630,631,632,633,634,635,636,637,638,639,640,641,642,643,644,645,646,647,648,649,650,651,652,655,331,332,333,334,335,336,337,338,339,340,341,342,343,344,345,346,347,348,349,350,351,352,353,354,355,356,357,358,359,360,361,362,363,364,365,366,367,368,369,370,371,372,373,374,375,376,377,378,379,380,381,382,383,384,385,386,387,388,389,390,391,392,393,394,395,396,397,398,399,400,401,402,403,404,405,406,407,408,409,410,411,412,413,414,415,416,417,418,419,420,421,422,423,424,425,426,427,428,429,430,431,432,433,434,435,436,437,438,439,440,441,442,443,444,445,446,447,448,449,450,451,452,453,454,455,456,457,458,459,460,461,462,463,464,465,466,467,1823,1825,1826,1827,1828,1829,1830,1831,1832,1833]}","status":"false"}

{"request":{"BoundaryTypeKey":"PC","Polygon":"128.935547 -15.749963,122.211914 -20.632784,130.03418 -20.879343,128.935547 -15.749963"},"error":"","httpcode":null,"response":"{\"postcodes\":[2667,2671,2677,2678,2679]}","status":"false"}

{"request":{"BoundaryTypeKey":"PC","Polygon":"120.146484 -21.125498,122.167969 -20.509355,123.178711 -21.616579,120.146484 -21.125498"},"error":"","httpcode":null,"response":"{\"postcodes\":[2676,2677]}","status":"false"}

{"request":{"BoundaryTypeKey":"PC","Polygon":"140.273438 -19.435514,136.010742 -21.779905,140.976563 -21.779905,140.273438 -19.435514"},"error":"","httpcode":null,"response":"{\"postcodes\":[1987,1988,1989]}","status":"false"}

{"request":{"BoundaryTypeKey":"PC","Polygon":"127.22168 -19.766704,123.969727 -21.493964,119.179688 -23.563987,126.650391 -26.194877,127.22168 -19.766704"},"error":"","httpcode":null,"response":"{\"postcodes\":[2654,2655,2673,2677,2679]}","status":"false"}

{"request":{"BoundaryTypeKey":"PC","Polygon":"133.945313 -21.289374,124.013672 -20.591652,123.354492 -24.407138,133.945313 -21.289374"},"error":"","httpcode":null,"response":"{\"postcodes\":[2655,2677,2679]}","status":"false"}

{"request":{"BoundaryTypeKey":"PC","Polygon":"130.385742 -19.352611,123.398438 -21.125498,122.607422 -26.470573,129.990234 -22.917923,130.385742 -19.352611"},"error":"","httpcode":null,"response":"{\"postcodes\":[2655,2677,2679]}","status":"false"}

{"request":{"BoundaryTypeKey":"PC","Polygon":"130.517578 -19.47695,123.75 -21.207459,123.222656 -24.647017,130.605469 -23.443089,130.517578 -19.47695"},"error":"","httpcode":null,"response":"{\"postcodes\":[2655,2677,2679]}","status":"false"}

{"request":{"BoundaryTypeKey":"PC","Polygon":"130.385742 -18.437925,123.310547 -21.125498,123.398438 -24.607069,131.264648 -23.241346,130.385742 -18.437925"},"error":"","httpcode":null,"response":"{\"postcodes\":[2655,2677,2679]}","status":"false"}

{"request":{"BoundaryTypeKey":"PC","Polygon":"131.264648 -19.352611,123.222656 -21.043491,123.442383 -25.244696,132.1875 -23.120154,131.264648 -19.352611"},"error":"","httpcode":null,"response":"{\"postcodes\":[2655,2677,2679]}","status":"false"}

